<?xml version="1.0" encoding="utf-8"?>
<shfbBuild product="Sandcastle Help File Builder and Tools" version="2022.8.14.1" projectFile="D:\VS程序\第三次作业\GeneralAreaCalculator\GeneralAreaCalculatorHelper\GeneralAreaCalculatorHelper.shfbproj" started="2022/8/30 19:55:03">
<buildStep step="Initializing">
The Sandcastle tools are located in &#39;D:\Sandcastle&#39;
Locating components in the following folder(s):
    D:\HTMLhelp\
    D:\VS程序\第三次作业\GeneralAreaCalculator\GeneralAreaCalculatorHelper
    C:\ProgramData\EWSoftware\Sandcastle Help File Builder\Components and Plug-Ins
    D:\Sandcastle\Components
Using framework reflection data for &#39;.NET Framework 4.7.2&#39; located in &#39;D:\Sandcastle\Data\.NETFramework&#39;
Using presentation style &#39;VS2013&#39; located in &#39;D:\Sandcastle\Components\VS2013&#39;
Found HTML Help 1 compiler in &#39;D:\HTMLhelp\&#39;
Loading and initializing plug-ins...
Lightweight Website Style Version 2022.8.14.1
Copyright &#169; 2006-2022, Eric Woodruff, All Rights Reserved
Portions Copyright &#169; 2014, Sam Harwell, All Rights Reserved
</buildStep>
<buildStep step="ValidatingDocumentationSources">
Validating and copying documentation source information
Source: D:\VS程序\第三次作业\GeneralAreaCalculator\GeneralAreaCalculator\GeneralAreaCalculator.csproj
    Found project &#39;D:\VS程序\第三次作业\GeneralAreaCalculator\GeneralAreaCalculator\GeneralAreaCalculator.csproj&#39;

Parsing project files
    Found assembly &#39;D:\VS程序\第三次作业\GeneralAreaCalculator\GeneralAreaCalculator\bin\Debug\GeneralAreaCalculator.exe&#39; (.NETFramework 4.7.2)

References to include:
    None

Copying XML comments files
    D:\VS程序\第三次作业\GeneralAreaCalculator\GeneralAreaCalculator\bin\Debug\GeneralAreaCalculator.xml -&gt; D:\VS程序\第三次作业\GeneralAreaCalculator\GeneralAreaCalculatorHelper\WorkinhFilesPath\GeneralAreaCalculator.xml
</buildStep>
<buildStep step="GenerateSharedContent">
Generating shared content files (zh-CN, 中文(简体，中国))...
<plugIn name="Lightweight Website Style" behavior="After" priority="1000">
</plugIn>    Last step completed in 00:00:00.0009
</buildStep>
<buildStep step="GenerateApiFilter">
Generating API filter for MRefBuilder...
    Last step completed in 00:00:00.0000
</buildStep>
<buildStep step="GenerateReflectionInfo">
Generating reflection information...
[D:\VS2019\MSBuild\Current\Bin\MSBuild.exe - GenerateRefInfo-acf18829-874f-48c6-972b-0307fd715040.proj]
生成启动时间为 2022/8/30 19:55:04。
节点 1 上的项目“D:\VS程序\第三次作业\GeneralAreaCalculator\GeneralAreaCalculatorHelper\WorkinhFilesPath\GenerateRefInfo-acf18829-874f-48c6-972b-0307fd715040.proj”(默认目标)。
PrepareForBuild:
  正在创建目录“obj\Debug\”。
GenerateBindingRedirects:
  ResolveAssemblyReferences 中没有建议的绑定重定向。
GenerateRefInfo:
  Microsoft.Build (v16.11.2+f3225964253d565862806752e54a7608191a9035)
  ? Microsoft Corporation. All rights reserved.
  Found a current program database (PDB) file for &#39;D:\VS程序\第三次作业\GeneralAreaCalculator\GeneralAreaCalculator\bin\Debug\GeneralAreaCalculator.exe&#39;.
  Loaded 1 assemblies for reflection and 1 dependency assemblies.
  Source code location not found for GeneralAreaCalculator.Area
  Source code location not found for GeneralAreaCalculator.Centimeter
  Source code location not found for GeneralAreaCalculator.Form1
  Source code location not found for GeneralAreaCalculator.Inch
  Source code location not found for GeneralAreaCalculator.Unit
  Source code location not found for Record.HistoryRecord
  Wrote information on 2 namespaces, 6 types, and 24 members
  Merging duplicate type and member information
  Merged 0 duplicate type(s) and 0 duplicate member(s)
已完成生成项目“D:\VS程序\第三次作业\GeneralAreaCalculator\GeneralAreaCalculatorHelper\WorkinhFilesPath\GenerateRefInfo-acf18829-874f-48c6-972b-0307fd715040.proj”(默认目标)的操作。
    Last step completed in 00:00:00.5555
</buildStep>
<buildStep step="ApplyDocumentModel">
Applying document model to reflection output...
    Last step completed in 00:00:00.0370
</buildStep>
<buildStep step="AddApiTopicFilenames">
Adding topic filenames to API members...
    Last step completed in 00:00:00.0120
</buildStep>
<buildStep step="GenerateApiTopicManifest">
Generating API topic manifest...
    Last step completed in 00:00:00.0160
</buildStep>
<buildStep step="GenerateNamespaceSummaries">
Generating namespace summary information...
    Last step completed in 00:00:00.0089
</buildStep>
<buildStep step="CopyConceptualContent">
Copying conceptual content...
Checking for token files...
Checking for code snippets files...
Copying images and creating the media map file...
Generating conceptual topic files
    Parsing topic file &#39;D:\VS程序\第三次作业\GeneralAreaCalculator\GeneralAreaCalculatorHelper\Content\Welcome.aml&#39;
    D:\VS程序\第三次作业\GeneralAreaCalculator\GeneralAreaCalculatorHelper\Content\Welcome.aml -&gt; D:\VS程序\第三次作业\GeneralAreaCalculator\GeneralAreaCalculatorHelper\WorkinhFilesPath\ddueXml\bfcfc55e-a43c-40a7-b43d-ac6584ec7d85.xml
    Parsing topic file &#39;D:\VS程序\第三次作业\GeneralAreaCalculator\GeneralAreaCalculatorHelper\Content\VersionHistory\VersionHistory.aml&#39;
    D:\VS程序\第三次作业\GeneralAreaCalculator\GeneralAreaCalculatorHelper\Content\VersionHistory\VersionHistory.aml -&gt; D:\VS程序\第三次作业\GeneralAreaCalculator\GeneralAreaCalculatorHelper\WorkinhFilesPath\ddueXml\ea51e614-5b65-4bbf-a30b-aa84f752bac6.xml
    Parsing topic file &#39;D:\VS程序\第三次作业\GeneralAreaCalculator\GeneralAreaCalculatorHelper\Content\VersionHistory\v1.0.0.0.aml&#39;
    D:\VS程序\第三次作业\GeneralAreaCalculator\GeneralAreaCalculatorHelper\Content\VersionHistory\v1.0.0.0.aml -&gt; D:\VS程序\第三次作业\GeneralAreaCalculator\GeneralAreaCalculatorHelper\WorkinhFilesPath\ddueXml\a1366816-b66c-45cc-a7be-7928cbe95553.xml
    Last step completed in 00:00:00.0190
</buildStep>
<buildStep step="CreateConceptualTopicConfigs">
Creating conceptual topic configuration files...
    Companion files
    _ContentMetadata_.xml
    Merging topic IDs into reference topic manifest file
    Last step completed in 00:00:00.0040
</buildStep>
<buildStep step="CopyAdditionalContent">
Copying additional content files...
D:\VS程序\第三次作业\GeneralAreaCalculator\GeneralAreaCalculatorHelper\icons\Help.png -&gt; D:\VS程序\第三次作业\GeneralAreaCalculator\GeneralAreaCalculatorHelper\WorkinhFilesPath\Output\HtmlHelp1\icons\Help.png
    Last step completed in 00:00:00.0020
</buildStep>
<buildStep step="MergeTablesOfContents">
Merging conceptual and additional tables of contents...
    Last step completed in 00:00:00.0000
</buildStep>
<buildStep step="GenerateIntermediateTableOfContents">
Generating intermediate table of contents file for API content...
Generating conceptual content intermediate TOC file...
    Last step completed in 00:00:00.0220
</buildStep>
<buildStep step="CreateBuildAssemblerConfigs">
Creating Sandcastle configuration files...
    Last step completed in 00:00:00.0638
</buildStep>
<buildStep step="CombiningIntermediateTocFiles">
Combining conceptual and API intermediate TOC files...
    Last step completed in 00:00:00.0110
</buildStep>
<buildStep step="MergeCustomConfigs">
Merging custom build component configurations
D:\VS程序\第三次作业\GeneralAreaCalculator\GeneralAreaCalculatorHelper\WorkinhFilesPath\BuildAssembler.config
  Updating reference topic configurations.
  Updating conceptual topic configurations.
    Removing unused ExampleComponent.
    Last step completed in 00:00:00.0030
</buildStep>
<buildStep step="BuildTopics">
Building help topics...
Loading configuration...
Processing topics...
SHFB: Warning BE0066: ShowMissingComponent: [N:GeneralAreaCalculator] Missing &lt;summary&gt; documentation
SHFB: Warning BE0066: ShowMissingComponent: [N:Record] Missing &lt;summary&gt; documentation
SHFB: Warning BE0066: ShowMissingComponent: [M:Record.HistoryRecord.GetRecord(System.String)] Missing &lt;param name=&quot;output&quot;/&gt; documentation
Processed 51 topic(s)
3 warning(s)
CopyFromIndexComponent: &quot;metadata&quot; in-memory cache entries used: 1 of 15.
ResolveArtLinksComponent: Copying media files...
ResolveReferenceLinksComponent: 506 entries added to the member ID URL cache.  New cache size: 505 entries
CopyFromIndexComponent: &quot;reflection&quot; in-memory cache entries used: 4 of 15.
CopyFromIndexComponent: &quot;comments&quot; in-memory cache entries used: 1 of 30.
    Last step completed in 00:00:02.2978
</buildStep>
<buildStep step="ExtractingHtmlInfo">
Extracting HTML info for HTML Help 1 and/or website...
Using LCID &#39;2052&#39;, code page &#39;936&#39;, encoding charset &#39;gb2312&#39;.
Processing Help 1 files in D:\VS程序\第三次作业\GeneralAreaCalculator\GeneralAreaCalculatorHelper\WorkinhFilesPath\Output\HtmlHelp1
Processed 51 HTML files.  Sorting keywords and generating See Also indices.
Saving HTML Help 1 keyword index to D:\VS程序\第三次作业\GeneralAreaCalculator\GeneralAreaCalculatorHelper\WorkinhFilesPath\Output\HtmlHelp1\GeneralAreaCalculatorHelper.hhk
Saving HTML Help 1 table of contents to D:\VS程序\第三次作业\GeneralAreaCalculator\GeneralAreaCalculatorHelper\WorkinhFilesPath\Output\HtmlHelp1\GeneralAreaCalculatorHelper.hhc
    Last step completed in 00:00:00.0349
</buildStep>
<buildStep step="CopyStandardHelpContent">
Copying standard help content...
D:\Sandcastle\Components\VS2013\icons\AlertCaution.png -&gt; D:\VS程序\第三次作业\GeneralAreaCalculator\GeneralAreaCalculatorHelper\WorkinhFilesPath\Output\HtmlHelp1\icons\AlertCaution.png
D:\Sandcastle\Components\VS2013\icons\AlertNote.png -&gt; D:\VS程序\第三次作业\GeneralAreaCalculator\GeneralAreaCalculatorHelper\WorkinhFilesPath\Output\HtmlHelp1\icons\AlertNote.png
D:\Sandcastle\Components\VS2013\icons\AlertSecurity.png -&gt; D:\VS程序\第三次作业\GeneralAreaCalculator\GeneralAreaCalculatorHelper\WorkinhFilesPath\Output\HtmlHelp1\icons\AlertSecurity.png
D:\Sandcastle\Components\VS2013\icons\CodeExample.png -&gt; D:\VS程序\第三次作业\GeneralAreaCalculator\GeneralAreaCalculatorHelper\WorkinhFilesPath\Output\HtmlHelp1\icons\CodeExample.png
D:\Sandcastle\Components\VS2013\icons\favicon.ico -&gt; D:\VS程序\第三次作业\GeneralAreaCalculator\GeneralAreaCalculatorHelper\WorkinhFilesPath\Output\HtmlHelp1\icons\favicon.ico
D:\Sandcastle\Components\VS2013\icons\privClass.gif -&gt; D:\VS程序\第三次作业\GeneralAreaCalculator\GeneralAreaCalculatorHelper\WorkinhFilesPath\Output\HtmlHelp1\icons\privClass.gif
D:\Sandcastle\Components\VS2013\icons\privDelegate.gif -&gt; D:\VS程序\第三次作业\GeneralAreaCalculator\GeneralAreaCalculatorHelper\WorkinhFilesPath\Output\HtmlHelp1\icons\privDelegate.gif
D:\Sandcastle\Components\VS2013\icons\privEnumeration.gif -&gt; D:\VS程序\第三次作业\GeneralAreaCalculator\GeneralAreaCalculatorHelper\WorkinhFilesPath\Output\HtmlHelp1\icons\privEnumeration.gif
D:\Sandcastle\Components\VS2013\icons\privEvent.gif -&gt; D:\VS程序\第三次作业\GeneralAreaCalculator\GeneralAreaCalculatorHelper\WorkinhFilesPath\Output\HtmlHelp1\icons\privEvent.gif
D:\Sandcastle\Components\VS2013\icons\privExtension.gif -&gt; D:\VS程序\第三次作业\GeneralAreaCalculator\GeneralAreaCalculatorHelper\WorkinhFilesPath\Output\HtmlHelp1\icons\privExtension.gif
D:\Sandcastle\Components\VS2013\icons\privField.gif -&gt; D:\VS程序\第三次作业\GeneralAreaCalculator\GeneralAreaCalculatorHelper\WorkinhFilesPath\Output\HtmlHelp1\icons\privField.gif
D:\Sandcastle\Components\VS2013\icons\privInterface.gif -&gt; D:\VS程序\第三次作业\GeneralAreaCalculator\GeneralAreaCalculatorHelper\WorkinhFilesPath\Output\HtmlHelp1\icons\privInterface.gif
D:\Sandcastle\Components\VS2013\icons\privMethod.gif -&gt; D:\VS程序\第三次作业\GeneralAreaCalculator\GeneralAreaCalculatorHelper\WorkinhFilesPath\Output\HtmlHelp1\icons\privMethod.gif
D:\Sandcastle\Components\VS2013\icons\privProperty.gif -&gt; D:\VS程序\第三次作业\GeneralAreaCalculator\GeneralAreaCalculatorHelper\WorkinhFilesPath\Output\HtmlHelp1\icons\privProperty.gif
D:\Sandcastle\Components\VS2013\icons\privStructure.gif -&gt; D:\VS程序\第三次作业\GeneralAreaCalculator\GeneralAreaCalculatorHelper\WorkinhFilesPath\Output\HtmlHelp1\icons\privStructure.gif
D:\Sandcastle\Components\VS2013\icons\protClass.gif -&gt; D:\VS程序\第三次作业\GeneralAreaCalculator\GeneralAreaCalculatorHelper\WorkinhFilesPath\Output\HtmlHelp1\icons\protClass.gif
D:\Sandcastle\Components\VS2013\icons\protDelegate.gif -&gt; D:\VS程序\第三次作业\GeneralAreaCalculator\GeneralAreaCalculatorHelper\WorkinhFilesPath\Output\HtmlHelp1\icons\protDelegate.gif
D:\Sandcastle\Components\VS2013\icons\protEnumeration.gif -&gt; D:\VS程序\第三次作业\GeneralAreaCalculator\GeneralAreaCalculatorHelper\WorkinhFilesPath\Output\HtmlHelp1\icons\protEnumeration.gif
D:\Sandcastle\Components\VS2013\icons\protEvent.gif -&gt; D:\VS程序\第三次作业\GeneralAreaCalculator\GeneralAreaCalculatorHelper\WorkinhFilesPath\Output\HtmlHelp1\icons\protEvent.gif
D:\Sandcastle\Components\VS2013\icons\protExtension.gif -&gt; D:\VS程序\第三次作业\GeneralAreaCalculator\GeneralAreaCalculatorHelper\WorkinhFilesPath\Output\HtmlHelp1\icons\protExtension.gif
D:\Sandcastle\Components\VS2013\icons\protField.gif -&gt; D:\VS程序\第三次作业\GeneralAreaCalculator\GeneralAreaCalculatorHelper\WorkinhFilesPath\Output\HtmlHelp1\icons\protField.gif
D:\Sandcastle\Components\VS2013\icons\protInterface.gif -&gt; D:\VS程序\第三次作业\GeneralAreaCalculator\GeneralAreaCalculatorHelper\WorkinhFilesPath\Output\HtmlHelp1\icons\protInterface.gif
D:\Sandcastle\Components\VS2013\icons\protMethod.gif -&gt; D:\VS程序\第三次作业\GeneralAreaCalculator\GeneralAreaCalculatorHelper\WorkinhFilesPath\Output\HtmlHelp1\icons\protMethod.gif
D:\Sandcastle\Components\VS2013\icons\protOperator.gif -&gt; D:\VS程序\第三次作业\GeneralAreaCalculator\GeneralAreaCalculatorHelper\WorkinhFilesPath\Output\HtmlHelp1\icons\protOperator.gif
D:\Sandcastle\Components\VS2013\icons\protProperty.gif -&gt; D:\VS程序\第三次作业\GeneralAreaCalculator\GeneralAreaCalculatorHelper\WorkinhFilesPath\Output\HtmlHelp1\icons\protProperty.gif
D:\Sandcastle\Components\VS2013\icons\protStructure.gif -&gt; D:\VS程序\第三次作业\GeneralAreaCalculator\GeneralAreaCalculatorHelper\WorkinhFilesPath\Output\HtmlHelp1\icons\protStructure.gif
D:\Sandcastle\Components\VS2013\icons\pubClass.gif -&gt; D:\VS程序\第三次作业\GeneralAreaCalculator\GeneralAreaCalculatorHelper\WorkinhFilesPath\Output\HtmlHelp1\icons\pubClass.gif
D:\Sandcastle\Components\VS2013\icons\pubDelegate.gif -&gt; D:\VS程序\第三次作业\GeneralAreaCalculator\GeneralAreaCalculatorHelper\WorkinhFilesPath\Output\HtmlHelp1\icons\pubDelegate.gif
D:\Sandcastle\Components\VS2013\icons\pubEnumeration.gif -&gt; D:\VS程序\第三次作业\GeneralAreaCalculator\GeneralAreaCalculatorHelper\WorkinhFilesPath\Output\HtmlHelp1\icons\pubEnumeration.gif
D:\Sandcastle\Components\VS2013\icons\pubEvent.gif -&gt; D:\VS程序\第三次作业\GeneralAreaCalculator\GeneralAreaCalculatorHelper\WorkinhFilesPath\Output\HtmlHelp1\icons\pubEvent.gif
D:\Sandcastle\Components\VS2013\icons\pubExtension.gif -&gt; D:\VS程序\第三次作业\GeneralAreaCalculator\GeneralAreaCalculatorHelper\WorkinhFilesPath\Output\HtmlHelp1\icons\pubExtension.gif
D:\Sandcastle\Components\VS2013\icons\pubField.gif -&gt; D:\VS程序\第三次作业\GeneralAreaCalculator\GeneralAreaCalculatorHelper\WorkinhFilesPath\Output\HtmlHelp1\icons\pubField.gif
D:\Sandcastle\Components\VS2013\icons\pubInterface.gif -&gt; D:\VS程序\第三次作业\GeneralAreaCalculator\GeneralAreaCalculatorHelper\WorkinhFilesPath\Output\HtmlHelp1\icons\pubInterface.gif
D:\Sandcastle\Components\VS2013\icons\pubMethod.gif -&gt; D:\VS程序\第三次作业\GeneralAreaCalculator\GeneralAreaCalculatorHelper\WorkinhFilesPath\Output\HtmlHelp1\icons\pubMethod.gif
D:\Sandcastle\Components\VS2013\icons\pubOperator.gif -&gt; D:\VS程序\第三次作业\GeneralAreaCalculator\GeneralAreaCalculatorHelper\WorkinhFilesPath\Output\HtmlHelp1\icons\pubOperator.gif
D:\Sandcastle\Components\VS2013\icons\pubProperty.gif -&gt; D:\VS程序\第三次作业\GeneralAreaCalculator\GeneralAreaCalculatorHelper\WorkinhFilesPath\Output\HtmlHelp1\icons\pubProperty.gif
D:\Sandcastle\Components\VS2013\icons\pubStructure.gif -&gt; D:\VS程序\第三次作业\GeneralAreaCalculator\GeneralAreaCalculatorHelper\WorkinhFilesPath\Output\HtmlHelp1\icons\pubStructure.gif
D:\Sandcastle\Components\VS2013\icons\SectionCollapsed.png -&gt; D:\VS程序\第三次作业\GeneralAreaCalculator\GeneralAreaCalculatorHelper\WorkinhFilesPath\Output\HtmlHelp1\icons\SectionCollapsed.png
D:\Sandcastle\Components\VS2013\icons\SectionExpanded.png -&gt; D:\VS程序\第三次作业\GeneralAreaCalculator\GeneralAreaCalculatorHelper\WorkinhFilesPath\Output\HtmlHelp1\icons\SectionExpanded.png
D:\Sandcastle\Components\VS2013\icons\Static.gif -&gt; D:\VS程序\第三次作业\GeneralAreaCalculator\GeneralAreaCalculatorHelper\WorkinhFilesPath\Output\HtmlHelp1\icons\Static.gif
D:\Sandcastle\Components\VS2013\scripts\branding.js -&gt; D:\VS程序\第三次作业\GeneralAreaCalculator\GeneralAreaCalculatorHelper\WorkinhFilesPath\Output\HtmlHelp1\scripts\branding.js
D:\Sandcastle\Components\VS2013\styles\branding-cs-CZ.css -&gt; D:\VS程序\第三次作业\GeneralAreaCalculator\GeneralAreaCalculatorHelper\WorkinhFilesPath\Output\HtmlHelp1\styles\branding-cs-CZ.css
D:\Sandcastle\Components\VS2013\styles\branding-de-DE.css -&gt; D:\VS程序\第三次作业\GeneralAreaCalculator\GeneralAreaCalculatorHelper\WorkinhFilesPath\Output\HtmlHelp1\styles\branding-de-DE.css
D:\Sandcastle\Components\VS2013\styles\branding-en-US.css -&gt; D:\VS程序\第三次作业\GeneralAreaCalculator\GeneralAreaCalculatorHelper\WorkinhFilesPath\Output\HtmlHelp1\styles\branding-en-US.css
D:\Sandcastle\Components\VS2013\styles\branding-es-ES.css -&gt; D:\VS程序\第三次作业\GeneralAreaCalculator\GeneralAreaCalculatorHelper\WorkinhFilesPath\Output\HtmlHelp1\styles\branding-es-ES.css
D:\Sandcastle\Components\VS2013\styles\branding-fr-FR.css -&gt; D:\VS程序\第三次作业\GeneralAreaCalculator\GeneralAreaCalculatorHelper\WorkinhFilesPath\Output\HtmlHelp1\styles\branding-fr-FR.css
D:\Sandcastle\Components\VS2013\styles\branding-Help1.css -&gt; D:\VS程序\第三次作业\GeneralAreaCalculator\GeneralAreaCalculatorHelper\WorkinhFilesPath\Output\HtmlHelp1\styles\branding-Help1.css
D:\Sandcastle\Components\VS2013\styles\branding-HelpViewer.css -&gt; D:\VS程序\第三次作业\GeneralAreaCalculator\GeneralAreaCalculatorHelper\WorkinhFilesPath\Output\HtmlHelp1\styles\branding-HelpViewer.css
D:\Sandcastle\Components\VS2013\styles\branding-it-IT.css -&gt; D:\VS程序\第三次作业\GeneralAreaCalculator\GeneralAreaCalculatorHelper\WorkinhFilesPath\Output\HtmlHelp1\styles\branding-it-IT.css
D:\Sandcastle\Components\VS2013\styles\branding-ja-JP.css -&gt; D:\VS程序\第三次作业\GeneralAreaCalculator\GeneralAreaCalculatorHelper\WorkinhFilesPath\Output\HtmlHelp1\styles\branding-ja-JP.css
D:\Sandcastle\Components\VS2013\styles\branding-ko-KR.css -&gt; D:\VS程序\第三次作业\GeneralAreaCalculator\GeneralAreaCalculatorHelper\WorkinhFilesPath\Output\HtmlHelp1\styles\branding-ko-KR.css
D:\Sandcastle\Components\VS2013\styles\branding-pl-PL.css -&gt; D:\VS程序\第三次作业\GeneralAreaCalculator\GeneralAreaCalculatorHelper\WorkinhFilesPath\Output\HtmlHelp1\styles\branding-pl-PL.css
D:\Sandcastle\Components\VS2013\styles\branding-pt-BR.css -&gt; D:\VS程序\第三次作业\GeneralAreaCalculator\GeneralAreaCalculatorHelper\WorkinhFilesPath\Output\HtmlHelp1\styles\branding-pt-BR.css
D:\Sandcastle\Components\VS2013\styles\branding-ru-RU.css -&gt; D:\VS程序\第三次作业\GeneralAreaCalculator\GeneralAreaCalculatorHelper\WorkinhFilesPath\Output\HtmlHelp1\styles\branding-ru-RU.css
D:\Sandcastle\Components\VS2013\styles\branding-tr-TR.css -&gt; D:\VS程序\第三次作业\GeneralAreaCalculator\GeneralAreaCalculatorHelper\WorkinhFilesPath\Output\HtmlHelp1\styles\branding-tr-TR.css
D:\Sandcastle\Components\VS2013\styles\branding-Website.css -&gt; D:\VS程序\第三次作业\GeneralAreaCalculator\GeneralAreaCalculatorHelper\WorkinhFilesPath\Output\HtmlHelp1\styles\branding-Website.css
D:\Sandcastle\Components\VS2013\styles\branding-zh-CN.css -&gt; D:\VS程序\第三次作业\GeneralAreaCalculator\GeneralAreaCalculatorHelper\WorkinhFilesPath\Output\HtmlHelp1\styles\branding-zh-CN.css
D:\Sandcastle\Components\VS2013\styles\branding-zh-TW.css -&gt; D:\VS程序\第三次作业\GeneralAreaCalculator\GeneralAreaCalculatorHelper\WorkinhFilesPath\Output\HtmlHelp1\styles\branding-zh-TW.css
D:\Sandcastle\Components\VS2013\styles\branding.css -&gt; D:\VS程序\第三次作业\GeneralAreaCalculator\GeneralAreaCalculatorHelper\WorkinhFilesPath\Output\HtmlHelp1\styles\branding.css
    Last step completed in 00:00:00.1087
</buildStep>
<buildStep step="GenerateHelpProject">
Generating HTML Help 1 project file...
    Last step completed in 00:00:00.0030
</buildStep>
<buildStep step="CompilingHelpFile">
Compiling HTML Help 1 file...
[D:\VS2019\MSBuild\Current\Bin\MSBuild.exe - Build1xHelpFile.proj]
  Microsoft HTML Help Compiler 4.74.8702
  
  
  
  Compiling d:\VS程序\第三次作业\GeneralAreaCalculator\GeneralAreaCalculatorHelper\WorkinhFilesPath\Output\HtmlHelp1\GeneralAreaCalculatorHelper.chm
  
  
  
  
  
  Compile time: 0 minutes, 0 seconds
  
  53	Topics
  
  444	Local links
  
  0	Internet links
  
  0	Graphics
  
  
  
  
  
  Created d:\VS程序\第三次作业\GeneralAreaCalculator\GeneralAreaCalculatorHelper\WorkinhFilesPath\Output\HtmlHelp1\GeneralAreaCalculatorHelper.chm, 152,985 bytes
  
  Compression decreased file by 706,789 bytes.
  
    Last step completed in 00:00:00.7013
</buildStep>
<buildStep step="CleanIntermediates">
Removing intermediate files...
    Last step completed in 00:00:00.0299
</buildStep>
<buildStep step="Completed">

Build completed successfully at 2022/8/30 19:55:08.  Total time: 00:00:04.3466

</buildStep>
</shfbBuild>
